<?xml version="1.0" encoding="UTF-8"?>
<!-- Generated by org.testng.reporters.JUnitReportReporter -->
<testsuite hostname="DESKTOP-GVASRPU" name="com.selenium.test.junit.tests.GooglePageTest" tests="1" failures="0" timestamp="11 Oct 2017 20:26:31 GMT" time="8.562" errors="0">
  <testcase name="testSearch" time="8.562" classname="com.selenium.test.junit.tests.GooglePageTest"/>
</testsuite> <!-- com.selenium.test.junit.tests.GooglePageTest -->
