<?xml version="1.0" encoding="UTF-8"?>
<!-- Generated by org.testng.reporters.JUnitReportReporter -->
<testsuite hostname="DESKTOP-GVASRPU" name="com.selenium.test.junit.tests.GooglePageTest" tests="1" failures="0" timestamp="14 Oct 2017 10:49:05 GMT" time="7.590" errors="0">
  <testcase name="testSearch" time="7.590" classname="com.selenium.test.junit.tests.GooglePageTest"/>
</testsuite> <!-- com.selenium.test.junit.tests.GooglePageTest -->
