<?xml version="1.0" encoding="UTF-8"?>
<!-- Generated by org.testng.reporters.JUnitReportReporter -->
<testsuite hostname="DESKTOP-GVASRPU" name="com.selenium.test.junit.tests.GooglePageTest" tests="1" failures="0" timestamp="12 Oct 2017 07:28:42 GMT" time="12.253" errors="0">
  <testcase name="testSearch" time="12.253" classname="com.selenium.test.junit.tests.GooglePageTest"/>
</testsuite> <!-- com.selenium.test.junit.tests.GooglePageTest -->
